<?xml version="1.0" encoding="UTF-8"?>
<!-- Generated by org.testng.reporters.JUnitReportReporter -->
<testsuite hostname="DESKTOP-RIS6SA4" failures="0" tests="1" name="pl.pracuj.NegativeLogInTest" time="7.438" errors="0" timestamp="04 Jul 2021 18:21:24 GMT" skipped="0">
  <testcase classname="pl.pracuj.NegativeLogInTest" name="invalidPasswordTest" time="7.438"/>
</testsuite> <!-- pl.pracuj.NegativeLogInTest -->
