<?xml version="1.0" encoding="UTF-8"?>
<!-- Generated by org.testng.reporters.JUnitReportReporter -->
<testsuite hostname="DESKTOP-RIS6SA4" failures="0" tests="1" name="pl.pracuj.PositiveLogInTest" time="14.290" errors="0" timestamp="04 Jul 2021 17:43:44 GMT" skipped="0">
  <testcase classname="pl.pracuj.PositiveLogInTest" name="loginTest" time="14.290"/>
</testsuite> <!-- pl.pracuj.PositiveLogInTest -->
